This file contains any messages produced by compilers while
running configure, to aid debugging if configure makes a mistake.

It was created by configure, which was
generated by GNU Autoconf 2.59.  Invocation command line was

  $ ./configure --enable-php_qt

## --------- ##
## Platform. ##
## --------- ##

hostname = manfred
uname -m = i686
uname -r = 2.6.10
uname -s = Linux
uname -v = #5 Wed Jan 12 23:41:02 CET 2005

/usr/bin/uname -p = unknown
/bin/uname -X     = unknown

/bin/arch              = i686
/usr/bin/arch -k       = unknown
/usr/convex/getsysinfo = unknown
hostinfo               = unknown
/bin/machine           = unknown
/usr/bin/oslevel       = unknown
/bin/universe          = unknown

PATH: /usr/local/bin
PATH: /usr/bin
PATH: /bin
PATH: /usr/bin/X11
PATH: /usr/games


## ----------- ##
## Core tests. ##
## ----------- ##

configure:1498: checking for egrep
configure:1508: result: grep -E
configure:1513: checking for a sed that does not truncate output
configure:1567: result: /bin/sed
configure:1659: checking for gcc
configure:1675: found /usr/bin/gcc
configure:1685: result: gcc
configure:1929: checking for C compiler version
configure:1932: gcc --version </dev/null >&5
gcc (GCC) 4.0.2 (Debian 4.0.2-2)
Copyright (C) 2005 Free Software Foundation, Inc.
This is free software; see the source for copying conditions.  There is NO
warranty; not even for MERCHANTABILITY or FITNESS FOR A PARTICULAR PURPOSE.

configure:1935: $? = 0
configure:1937: gcc -v </dev/null >&5
Using built-in specs.
Target: i486-linux-gnu
Configured with: ../src/configure -v --enable-languages=c,c++,java,f95,objc,ada,treelang --prefix=/usr --enable-shared --with-system-zlib --libexecdir=/usr/lib --without-included-gettext --enable-threads=posix --enable-nls --program-suffix=-4.0 --enable-__cxa_atexit --enable-libstdcxx-allocator=mt --enable-clocale=gnu --enable-libstdcxx-debug --enable-java-gc=boehm --enable-java-awt=gtk --enable-gtk-cairo --with-java-home=/usr/lib/jvm/java-1.4.2-gcj-4.0-1.4.2.0/jre --enable-mpfr --disable-werror --enable-checking=release i486-linux-gnu
Thread model: posix
gcc version 4.0.2 (Debian 4.0.2-2)
configure:1940: $? = 0
configure:1942: gcc -V </dev/null >&5
gcc: '-V' option must have argument
configure:1945: $? = 1
configure:1968: checking for C compiler default output file name
configure:1971: gcc    conftest.c  >&5
configure:1974: $? = 0
configure:2020: result: a.out
configure:2025: checking whether the C compiler works
configure:2031: ./a.out
configure:2034: $? = 0
configure:2051: result: yes
configure:2058: checking whether we are cross compiling
configure:2060: result: no
configure:2063: checking for suffix of executables
configure:2065: gcc -o conftest    conftest.c  >&5
configure:2068: $? = 0
configure:2093: result: 
configure:2099: checking for suffix of object files
configure:2120: gcc -c   conftest.c >&5
configure:2123: $? = 0
configure:2145: result: o
configure:2149: checking whether we are using the GNU C compiler
configure:2173: gcc -c   conftest.c >&5
configure:2179: $? = 0
configure:2182: test -z 			 || test ! -s conftest.err
configure:2185: $? = 0
configure:2188: test -s conftest.o
configure:2191: $? = 0
configure:2204: result: yes
configure:2210: checking whether gcc accepts -g
configure:2231: gcc -c -g  conftest.c >&5
configure:2237: $? = 0
configure:2240: test -z 			 || test ! -s conftest.err
configure:2243: $? = 0
configure:2246: test -s conftest.o
configure:2249: $? = 0
configure:2260: result: yes
configure:2277: checking for gcc option to accept ANSI C
configure:2347: gcc  -c -g -O2  conftest.c >&5
configure:2353: $? = 0
configure:2356: test -z 			 || test ! -s conftest.err
configure:2359: $? = 0
configure:2362: test -s conftest.o
configure:2365: $? = 0
configure:2383: result: none needed
configure:2401: gcc -c -g -O2  conftest.c >&5
conftest.c:2: error: syntax error before 'me'
configure:2407: $? = 1
configure: failed program was:
| #ifndef __cplusplus
|   choke me
| #endif
configure:2538: checking whether gcc and cc understand -c and -o together
configure:2568: gcc -c conftest.c -o conftest.o >&5
configure:2571: $? = 0
configure:2573: gcc -c conftest.c -o conftest.o >&5
configure:2576: $? = 0
configure:2583: cc -c conftest.c >&5
configure:2586: $? = 0
configure:2589: cc -c conftest.c -o conftest.o >&5
configure:2592: $? = 0
configure:2594: cc -c conftest.c -o conftest.o >&5
configure:2597: $? = 0
configure:2615: result: yes
configure:2639: checking if compiler supports -R
configure:2663: gcc -o conftest -g -O2   conftest.c -R /usr/lib  >&5
gcc: unrecognized option '-R'
/usr/bin/ld: /usr/lib: No such file: File format not recognized
collect2: ld returned 1 exit status
configure:2669: $? = 1
configure: failed program was:
| /* confdefs.h.  */
| 
| #define PACKAGE_NAME ""
| #define PACKAGE_TARNAME ""
| #define PACKAGE_VERSION ""
| #define PACKAGE_STRING ""
| #define PACKAGE_BUGREPORT ""
| /* end confdefs.h.  */
| 
| int
| main ()
| {
| 
|   ;
|   return 0;
| }
configure:2695: result: no
configure:2700: checking if compiler supports -Wl,-rpath,
configure:2724: gcc -o conftest -g -O2   conftest.c -Wl,-rpath,/usr/lib  >&5
configure:2730: $? = 0
configure:2733: test -z 			 || test ! -s conftest.err
configure:2736: $? = 0
configure:2739: test -s conftest
configure:2742: $? = 0
configure:2756: result: yes
configure:2796: checking build system type
configure:2814: result: i686-pc-linux-gnu
configure:2822: checking host system type
configure:2836: result: i686-pc-linux-gnu
configure:2844: checking target system type
configure:2858: result: i686-pc-linux-gnu
configure:2930: checking for PHP prefix
configure:2932: result: /usr/local
configure:2934: checking for PHP includes
configure:2936: result: -I/usr/local/include/php -I/usr/local/include/php/main -I/usr/local/include/php/Zend -I/usr/local/include/php/TSRM
configure:2938: checking for PHP extension directory
configure:2940: result: /usr/local/lib/php/extensions/no-debug-non-zts-20020429
configure:2987: checking for re2c
configure:3016: result: no
configure:3040: WARNING: You will need re2c 0.98 or later if you want to regenerate PHP parsers.
configure:3054: checking for gawk
configure:3071: found /usr/bin/gawk
configure:3081: result: gawk
configure:3131: checking whether to enable php_qt support
configure:3173: result: yes, shared
configure:3610: checking for ld used by gcc
configure:3677: result: /usr/bin/ld
configure:3686: checking if the linker (/usr/bin/ld) is GNU ld
configure:3701: result: yes
configure:3706: checking for /usr/bin/ld option to reload object files
configure:3713: result: -r
configure:3731: checking for BSD-compatible nm
configure:3773: result: /usr/bin/nm -B
configure:3777: checking whether ln -s works
configure:3781: result: yes
configure:3788: checking how to recognise dependent libraries
configure:3960: result: pass_all
configure:4171: checking how to run the C preprocessor
configure:4206: gcc -E  conftest.c
configure:4212: $? = 0
configure:4244: gcc -E  conftest.c
conftest.c:10:28: error: ac_nonexistent.h: No such file or directory
configure:4250: $? = 1
configure: failed program was:
| /* confdefs.h.  */
| 
| #define PACKAGE_NAME ""
| #define PACKAGE_TARNAME ""
| #define PACKAGE_VERSION ""
| #define PACKAGE_STRING ""
| #define PACKAGE_BUGREPORT ""
| #define COMPILE_DL_PHP_QT 1
| /* end confdefs.h.  */
| #include <ac_nonexistent.h>
configure:4289: result: gcc -E
configure:4313: gcc -E  conftest.c
configure:4319: $? = 0
configure:4351: gcc -E  conftest.c
conftest.c:10:28: error: ac_nonexistent.h: No such file or directory
configure:4357: $? = 1
configure: failed program was:
| /* confdefs.h.  */
| 
| #define PACKAGE_NAME ""
| #define PACKAGE_TARNAME ""
| #define PACKAGE_VERSION ""
| #define PACKAGE_STRING ""
| #define PACKAGE_BUGREPORT ""
| #define COMPILE_DL_PHP_QT 1
| /* end confdefs.h.  */
| #include <ac_nonexistent.h>
configure:4401: checking for ANSI C header files
configure:4426: gcc -c -g -O2  conftest.c >&5
configure:4432: $? = 0
configure:4435: test -z 			 || test ! -s conftest.err
configure:4438: $? = 0
configure:4441: test -s conftest.o
configure:4444: $? = 0
configure:4533: gcc -o conftest -g -O2   conftest.c  >&5
conftest.c: In function 'main':
conftest.c:27: warning: incompatible implicit declaration of built-in function 'exit'
configure:4536: $? = 0
configure:4538: ./conftest
configure:4541: $? = 0
configure:4556: result: yes
configure:4580: checking for sys/types.h
configure:4596: gcc -c -g -O2  conftest.c >&5
configure:4602: $? = 0
configure:4605: test -z 			 || test ! -s conftest.err
configure:4608: $? = 0
configure:4611: test -s conftest.o
configure:4614: $? = 0
configure:4625: result: yes
configure:4580: checking for sys/stat.h
configure:4596: gcc -c -g -O2  conftest.c >&5
configure:4602: $? = 0
configure:4605: test -z 			 || test ! -s conftest.err
configure:4608: $? = 0
configure:4611: test -s conftest.o
configure:4614: $? = 0
configure:4625: result: yes
configure:4580: checking for stdlib.h
configure:4596: gcc -c -g -O2  conftest.c >&5
configure:4602: $? = 0
configure:4605: test -z 			 || test ! -s conftest.err
configure:4608: $? = 0
configure:4611: test -s conftest.o
configure:4614: $? = 0
configure:4625: result: yes
configure:4580: checking for string.h
configure:4596: gcc -c -g -O2  conftest.c >&5
configure:4602: $? = 0
configure:4605: test -z 			 || test ! -s conftest.err
configure:4608: $? = 0
configure:4611: test -s conftest.o
configure:4614: $? = 0
configure:4625: result: yes
configure:4580: checking for memory.h
configure:4596: gcc -c -g -O2  conftest.c >&5
configure:4602: $? = 0
configure:4605: test -z 			 || test ! -s conftest.err
configure:4608: $? = 0
configure:4611: test -s conftest.o
configure:4614: $? = 0
configure:4625: result: yes
configure:4580: checking for strings.h
configure:4596: gcc -c -g -O2  conftest.c >&5
configure:4602: $? = 0
configure:4605: test -z 			 || test ! -s conftest.err
configure:4608: $? = 0
configure:4611: test -s conftest.o
configure:4614: $? = 0
configure:4625: result: yes
configure:4580: checking for inttypes.h
configure:4596: gcc -c -g -O2  conftest.c >&5
configure:4602: $? = 0
configure:4605: test -z 			 || test ! -s conftest.err
configure:4608: $? = 0
configure:4611: test -s conftest.o
configure:4614: $? = 0
configure:4625: result: yes
configure:4580: checking for stdint.h
configure:4596: gcc -c -g -O2  conftest.c >&5
configure:4602: $? = 0
configure:4605: test -z 			 || test ! -s conftest.err
configure:4608: $? = 0
configure:4611: test -s conftest.o
configure:4614: $? = 0
configure:4625: result: yes
configure:4580: checking for unistd.h
configure:4596: gcc -c -g -O2  conftest.c >&5
configure:4602: $? = 0
configure:4605: test -z 			 || test ! -s conftest.err
configure:4608: $? = 0
configure:4611: test -s conftest.o
configure:4614: $? = 0
configure:4625: result: yes
configure:4651: checking dlfcn.h usability
configure:4663: gcc -c -g -O2  conftest.c >&5
configure:4669: $? = 0
configure:4672: test -z 			 || test ! -s conftest.err
configure:4675: $? = 0
configure:4678: test -s conftest.o
configure:4681: $? = 0
configure:4691: result: yes
configure:4695: checking dlfcn.h presence
configure:4705: gcc -E  conftest.c
configure:4711: $? = 0
configure:4731: result: yes
configure:4766: checking for dlfcn.h
configure:4773: result: yes
configure:4838: checking for g++
configure:4854: found /usr/bin/g++
configure:4864: result: g++
configure:4880: checking for C++ compiler version
configure:4883: g++ --version </dev/null >&5
g++ (GCC) 4.0.2 (Debian 4.0.2-2)
Copyright (C) 2005 Free Software Foundation, Inc.
This is free software; see the source for copying conditions.  There is NO
warranty; not even for MERCHANTABILITY or FITNESS FOR A PARTICULAR PURPOSE.

configure:4886: $? = 0
configure:4888: g++ -v </dev/null >&5
Using built-in specs.
Target: i486-linux-gnu
Configured with: ../src/configure -v --enable-languages=c,c++,java,f95,objc,ada,treelang --prefix=/usr --enable-shared --with-system-zlib --libexecdir=/usr/lib --without-included-gettext --enable-threads=posix --enable-nls --program-suffix=-4.0 --enable-__cxa_atexit --enable-libstdcxx-allocator=mt --enable-clocale=gnu --enable-libstdcxx-debug --enable-java-gc=boehm --enable-java-awt=gtk --enable-gtk-cairo --with-java-home=/usr/lib/jvm/java-1.4.2-gcj-4.0-1.4.2.0/jre --enable-mpfr --disable-werror --enable-checking=release i486-linux-gnu
Thread model: posix
gcc version 4.0.2 (Debian 4.0.2-2)
configure:4891: $? = 0
configure:4893: g++ -V </dev/null >&5
g++: '-V' option must have argument
configure:4896: $? = 1
configure:4899: checking whether we are using the GNU C++ compiler
configure:4923: g++ -c   conftest.cc >&5
configure:4929: $? = 0
configure:4932: test -z 			 || test ! -s conftest.err
configure:4935: $? = 0
configure:4938: test -s conftest.o
configure:4941: $? = 0
configure:4954: result: yes
configure:4960: checking whether g++ accepts -g
configure:4981: g++ -c -g  conftest.cc >&5
configure:4987: $? = 0
configure:4990: test -z 			 || test ! -s conftest.err
configure:4993: $? = 0
configure:4996: test -s conftest.o
configure:4999: $? = 0
configure:5010: result: yes
configure:5052: g++ -c -g -O2  conftest.cc >&5
configure:5058: $? = 0
configure:5061: test -z 			 || test ! -s conftest.err
configure:5064: $? = 0
configure:5067: test -s conftest.o
configure:5070: $? = 0
configure:5096: g++ -c -g -O2  conftest.cc >&5
conftest.cc: In function 'int main()':
conftest.cc:25: error: 'exit' was not declared in this scope
configure:5102: $? = 1
configure: failed program was:
| /* confdefs.h.  */
| 
| #define PACKAGE_NAME ""
| #define PACKAGE_TARNAME ""
| #define PACKAGE_VERSION ""
| #define PACKAGE_STRING ""
| #define PACKAGE_BUGREPORT ""
| #define COMPILE_DL_PHP_QT 1
| #define STDC_HEADERS 1
| #define HAVE_SYS_TYPES_H 1
| #define HAVE_SYS_STAT_H 1
| #define HAVE_STDLIB_H 1
| #define HAVE_STRING_H 1
| #define HAVE_MEMORY_H 1
| #define HAVE_STRINGS_H 1
| #define HAVE_INTTYPES_H 1
| #define HAVE_STDINT_H 1
| #define HAVE_UNISTD_H 1
| #define HAVE_DLFCN_H 1
| /* end confdefs.h.  */
| 
| int
| main ()
| {
| exit (42);
|   ;
|   return 0;
| }
configure:5052: g++ -c -g -O2  conftest.cc >&5
configure:5058: $? = 0
configure:5061: test -z 			 || test ! -s conftest.err
configure:5064: $? = 0
configure:5067: test -s conftest.o
configure:5070: $? = 0
configure:5096: g++ -c -g -O2  conftest.cc >&5
configure:5102: $? = 0
configure:5105: test -z 			 || test ! -s conftest.err
configure:5108: $? = 0
configure:5111: test -s conftest.o
configure:5114: $? = 0
configure:5147: checking how to run the C++ preprocessor
configure:5178: g++ -E  conftest.cc
configure:5184: $? = 0
configure:5216: g++ -E  conftest.cc
conftest.cc:24:28: error: ac_nonexistent.h: No such file or directory
configure:5222: $? = 1
configure: failed program was:
| /* confdefs.h.  */
| 
| #define PACKAGE_NAME ""
| #define PACKAGE_TARNAME ""
| #define PACKAGE_VERSION ""
| #define PACKAGE_STRING ""
| #define PACKAGE_BUGREPORT ""
| #define COMPILE_DL_PHP_QT 1
| #define STDC_HEADERS 1
| #define HAVE_SYS_TYPES_H 1
| #define HAVE_SYS_STAT_H 1
| #define HAVE_STDLIB_H 1
| #define HAVE_STRING_H 1
| #define HAVE_MEMORY_H 1
| #define HAVE_STRINGS_H 1
| #define HAVE_INTTYPES_H 1
| #define HAVE_STDINT_H 1
| #define HAVE_UNISTD_H 1
| #define HAVE_DLFCN_H 1
| #ifdef __cplusplus
| extern "C" void std::exit (int) throw (); using std::exit;
| #endif
| /* end confdefs.h.  */
| #include <ac_nonexistent.h>
configure:5261: result: g++ -E
configure:5285: g++ -E  conftest.cc
configure:5291: $? = 0
configure:5323: g++ -E  conftest.cc
conftest.cc:24:28: error: ac_nonexistent.h: No such file or directory
configure:5329: $? = 1
configure: failed program was:
| /* confdefs.h.  */
| 
| #define PACKAGE_NAME ""
| #define PACKAGE_TARNAME ""
| #define PACKAGE_VERSION ""
| #define PACKAGE_STRING ""
| #define PACKAGE_BUGREPORT ""
| #define COMPILE_DL_PHP_QT 1
| #define STDC_HEADERS 1
| #define HAVE_SYS_TYPES_H 1
| #define HAVE_SYS_STAT_H 1
| #define HAVE_STDLIB_H 1
| #define HAVE_STRING_H 1
| #define HAVE_MEMORY_H 1
| #define HAVE_STRINGS_H 1
| #define HAVE_INTTYPES_H 1
| #define HAVE_STDINT_H 1
| #define HAVE_UNISTD_H 1
| #define HAVE_DLFCN_H 1
| #ifdef __cplusplus
| extern "C" void std::exit (int) throw (); using std::exit;
| #endif
| /* end confdefs.h.  */
| #include <ac_nonexistent.h>
configure:5379: checking the maximum length of command line arguments
configure:5471: result: 32768
configure:5482: checking command to parse /usr/bin/nm -B output from gcc object
configure:5578: g++ -c -g -O2  conftest.cc >&5
configure:5581: $? = 0
configure:5585: /usr/bin/nm -B conftest.o \| sed -n -e 's/^.*[ 	]\([ABCDGIRSTW][ABCDGIRSTW]*\)[ 	][ 	]*\([_A-Za-z][_A-Za-z0-9]*\)$/\1 \2 \2/p' \> conftest.nm
configure:5588: $? = 0
configure:5640: g++ -o conftest -g -O2   conftest.cc conftstm.o >&5
configure:5643: $? = 0
configure:5681: result: ok
configure:5685: checking for objdir
configure:5700: result: .libs
configure:5790: checking for ar
configure:5806: found /usr/bin/ar
configure:5817: result: ar
configure:5870: checking for ranlib
configure:5886: found /usr/bin/ranlib
configure:5897: result: ranlib
configure:5950: checking for strip
configure:5966: found /usr/bin/strip
configure:5977: result: strip
configure:6266: checking if gcc static flag  works
configure:6294: result: yes
configure:6316: checking if gcc supports -fno-rtti -fno-exceptions
configure:6334: gcc -c -g -O2  -fno-rtti -fno-exceptions conftest.c >&5
cc1: warning: command line option "-fno-rtti" is valid for C++/ObjC++ but not for C
configure:6338: $? = 0
configure:6351: result: no
configure:6366: checking for gcc option to produce PIC
configure:6570: result: -fPIC
configure:6578: checking if gcc PIC flag -fPIC works
configure:6596: gcc -c -g -O2  -fPIC -DPIC conftest.c >&5
configure:6600: $? = 0
configure:6613: result: yes
configure:6637: checking if gcc supports -c -o file.o
configure:6658: gcc -c -g -O2  -o out/conftest2.o conftest.c >&5
configure:6662: $? = 0
configure:6684: result: yes
configure:6710: checking whether the gcc linker (/usr/bin/ld) supports shared libraries
configure:7554: result: yes
configure:7580: checking whether -lc should be explicitly linked in
configure:7585: gcc -c -g -O2  conftest.c >&5
configure:7588: $? = 0
configure:7602: gcc -shared conftest.o  -v -Wl,-soname -Wl,conftest -o conftest 2\>\&1 \| grep  -lc  \>/dev/null 2\>\&1
configure:7605: $? = 0
configure:7617: result: no
configure:7625: checking dynamic linker characteristics
configure:8192: result: GNU/Linux ld.so
configure:8196: checking how to hardcode library paths into programs
configure:8221: result: immediate
configure:8235: checking whether stripping libraries is possible
configure:8240: result: yes
configure:9063: checking if libtool supports shared libraries
configure:9065: result: yes
configure:9068: checking whether to build shared libraries
configure:9089: result: yes
configure:9092: checking whether to build static libraries
configure:9096: result: no
configure:9189: result:
creating libtool
configure:9806: checking whether the g++ linker (/usr/bin/ld) supports shared libraries
configure:10641: result: yes
configure:10663: g++ -c -g -O2  conftest.cc >&5
configure:10666: $? = 0
configure:10762: checking for g++ option to produce PIC
configure:11030: result: -fPIC
configure:11038: checking if g++ PIC flag -fPIC works
configure:11056: g++ -c -g -O2  -fPIC -DPIC conftest.cc >&5
configure:11060: $? = 0
configure:11073: result: yes
configure:11097: checking if g++ supports -c -o file.o
configure:11118: g++ -c -g -O2  -o out/conftest2.o conftest.cc >&5
configure:11122: $? = 0
configure:11144: result: yes
configure:11170: checking whether the g++ linker (/usr/bin/ld) supports shared libraries
configure:11195: result: yes
configure:11266: checking dynamic linker characteristics
configure:11833: result: GNU/Linux ld.so
configure:11837: checking how to hardcode library paths into programs
configure:11862: result: immediate
configure:11876: checking whether stripping libraries is possible
configure:11881: result: yes
configure:13404: creating ./config.status

## ---------------------- ##
## Running config.status. ##
## ---------------------- ##

This file was extended by config.status, which was
generated by GNU Autoconf 2.59.  Invocation command line was

  CONFIG_FILES    = 
  CONFIG_HEADERS  = 
  CONFIG_LINKS    = 
  CONFIG_COMMANDS = 
  $ ./config.status 

on manfred

config.status:454: creating config.h

## ---------------- ##
## Cache variables. ##
## ---------------- ##

ac_cv_build=i686-pc-linux-gnu
ac_cv_build_alias=i686-pc-linux-gnu
ac_cv_c_compiler_gnu=yes
ac_cv_cxx_compiler_gnu=yes
ac_cv_env_CC_set=
ac_cv_env_CC_value=
ac_cv_env_CFLAGS_set=
ac_cv_env_CFLAGS_value=
ac_cv_env_CPPFLAGS_set=
ac_cv_env_CPPFLAGS_value=
ac_cv_env_CPP_set=
ac_cv_env_CPP_value=
ac_cv_env_CXXCPP_set=
ac_cv_env_CXXCPP_value=
ac_cv_env_CXXFLAGS_set=
ac_cv_env_CXXFLAGS_value=
ac_cv_env_CXX_set=
ac_cv_env_CXX_value=
ac_cv_env_LDFLAGS_set=
ac_cv_env_LDFLAGS_value=
ac_cv_env_build_alias_set=
ac_cv_env_build_alias_value=
ac_cv_env_host_alias_set=
ac_cv_env_host_alias_value=
ac_cv_env_target_alias_set=
ac_cv_env_target_alias_value=
ac_cv_exeext=
ac_cv_header_dlfcn_h=yes
ac_cv_header_inttypes_h=yes
ac_cv_header_memory_h=yes
ac_cv_header_stdc=yes
ac_cv_header_stdint_h=yes
ac_cv_header_stdlib_h=yes
ac_cv_header_string_h=yes
ac_cv_header_strings_h=yes
ac_cv_header_sys_stat_h=yes
ac_cv_header_sys_types_h=yes
ac_cv_header_unistd_h=yes
ac_cv_host=i686-pc-linux-gnu
ac_cv_host_alias=i686-pc-linux-gnu
ac_cv_objext=o
ac_cv_prog_AWK=gawk
ac_cv_prog_CPP='gcc -E'
ac_cv_prog_CXXCPP='g++ -E'
ac_cv_prog_ac_ct_AR=ar
ac_cv_prog_ac_ct_CC=gcc
ac_cv_prog_ac_ct_CXX=g++
ac_cv_prog_ac_ct_RANLIB=ranlib
ac_cv_prog_ac_ct_STRIP=strip
ac_cv_prog_cc_g=yes
ac_cv_prog_cc_gcc_c_o=yes
ac_cv_prog_cc_stdc=
ac_cv_prog_cxx_g=yes
ac_cv_prog_egrep='grep -E'
ac_cv_target=i686-pc-linux-gnu
ac_cv_target_alias=i686-pc-linux-gnu
lt_cv_deplibs_check_method=pass_all
lt_cv_file_magic_cmd='$MAGIC_CMD'
lt_cv_file_magic_test_file=
lt_cv_ld_reload_flag=-r
lt_cv_objdir=.libs
lt_cv_path_LD=/usr/bin/ld
lt_cv_path_LDCXX=
lt_cv_path_NM='/usr/bin/nm -B'
lt_cv_path_SED=/bin/sed
lt_cv_prog_compiler_c_o=yes
lt_cv_prog_compiler_c_o_CXX=yes
lt_cv_prog_compiler_rtti_exceptions=no
lt_cv_prog_gnu_ld=yes
lt_cv_prog_gnu_ldcxx=
lt_cv_sys_global_symbol_pipe='sed -n -e '\''s/^.*[ 	]\([ABCDGIRSTW][ABCDGIRSTW]*\)[ 	][ 	]*\([_A-Za-z][_A-Za-z0-9]*\)$/\1 \2 \2/p'\'''
lt_cv_sys_global_symbol_to_c_name_address='sed -n -e '\''s/^: \([^ ]*\) $/  {\"\1\", (lt_ptr) 0},/p'\'' -e '\''s/^[BCDEGRST] \([^ ]*\) \([^ ]*\)$/  {"\2", (lt_ptr) \&\2},/p'\'''
lt_cv_sys_global_symbol_to_cdecl='sed -n -e '\''s/^. .* \(.*\)$/extern int \1;/p'\'''
lt_cv_sys_max_cmd_len=32768
lt_lt_cv_prog_compiler_c_o='"yes"'
lt_lt_cv_prog_compiler_c_o_CXX='"yes"'
lt_lt_cv_sys_global_symbol_pipe='"sed -n -e '\''s/^.*[ 	]\\([ABCDGIRSTW][ABCDGIRSTW]*\\)[ 	][ 	]*\\([_A-Za-z][_A-Za-z0-9]*\\)\$/\\1 \\2 \\2/p'\''"'
lt_lt_cv_sys_global_symbol_to_c_name_address='"sed -n -e '\''s/^: \\([^ ]*\\) \$/  {\\\"\\1\\\", (lt_ptr) 0},/p'\'' -e '\''s/^[BCDEGRST] \\([^ ]*\\) \\([^ ]*\\)\$/  {\"\\2\", (lt_ptr) \\&\\2},/p'\''"'
lt_lt_cv_sys_global_symbol_to_cdecl='"sed -n -e '\''s/^. .* \\(.*\\)\$/extern int \\1;/p'\''"'
php_cv_cc_dashr=no
php_cv_cc_rpath=yes

## ----------------- ##
## Output variables. ##
## ----------------- ##

AR='ar'
AWK='gawk'
CC='gcc'
CFLAGS='-g -O2'
CONFIGURE_COMMAND=' './configure' '--enable-php_qt''
CPP='gcc -E'
CPPFLAGS=' -DHAVE_CONFIG_H'
CXX='g++'
CXXCPP='g++ -E'
CXXFLAGS='-g -O2'
DEFS='-DHAVE_CONFIG_H'
ECHO='echo'
ECHO_C=''
ECHO_N='-n'
ECHO_T=''
EGREP='grep -E'
EXEEXT=''
LDFLAGS=''
LIBOBJS=''
LIBS=''
LIBTOOL='$(SHELL) $(top_builddir)/libtool'
LN_S='ln -s'
LTLIBOBJS=''
OBJEXT='o'
PACKAGE_BUGREPORT=''
PACKAGE_NAME=''
PACKAGE_STRING=''
PACKAGE_TARNAME=''
PACKAGE_VERSION=''
PATH_SEPARATOR=':'
RANLIB='ranlib'
RE2C='exit 0;'
SHELL='/bin/sh'
STRIP='strip'
ac_ct_AR='ar'
ac_ct_CC='gcc'
ac_ct_CXX='g++'
ac_ct_RANLIB='ranlib'
ac_ct_STRIP='strip'
bindir='${exec_prefix}/bin'
build='i686-pc-linux-gnu'
build_alias=''
build_cpu='i686'
build_os='linux-gnu'
build_vendor='pc'
datadir='${prefix}/share'
exec_prefix='$(prefix)'
host='i686-pc-linux-gnu'
host_alias='i686-pc-linux-gnu'
host_cpu='i686'
host_os='linux-gnu'
host_vendor='pc'
includedir='${prefix}/include'
infodir='${prefix}/info'
libdir='${exec_prefix}/lib'
libexecdir='${exec_prefix}/libexec'
localstatedir='${prefix}/var'
mandir='${prefix}/man'
oldincludedir='/usr/include'
prefix='/usr/local'
program_transform_name='s,x,x,'
sbindir='${exec_prefix}/sbin'
sharedstatedir='${prefix}/com'
sysconfdir='${prefix}/etc'
target='i686-pc-linux-gnu'
target_alias=''
target_cpu='i686'
target_os='linux-gnu'
target_vendor='pc'

## ----------- ##
## confdefs.h. ##
## ----------- ##

#define COMPILE_DL_PHP_QT 1
#define HAVE_DLFCN_H 1
#define HAVE_INTTYPES_H 1
#define HAVE_MEMORY_H 1
#define HAVE_STDINT_H 1
#define HAVE_STDLIB_H 1
#define HAVE_STRINGS_H 1
#define HAVE_STRING_H 1
#define HAVE_SYS_STAT_H 1
#define HAVE_SYS_TYPES_H 1
#define HAVE_UNISTD_H 1
#define PACKAGE_BUGREPORT ""
#define PACKAGE_NAME ""
#define PACKAGE_STRING ""
#define PACKAGE_TARNAME ""
#define PACKAGE_VERSION ""
#define STDC_HEADERS 1
#endif
#ifdef __cplusplus
extern "C" void std::exit (int) throw (); using std::exit;

configure: exit 0
